<?xml version="1.0" encoding="UTF-8"?>
<!-- Generated by org.testng.reporters.JUnitXMLReporter -->
<testsuite ignored="0" hostname="Rohith_COREAI" failures="1" tests="1" name="Login Test" time="5.65" errors="0" timestamp="2026-07-08T16:18:37 MST">
  <testcase classname="tests.LoginTest" name="loginOrageHrmtest" time="1.566">
    <failure type="java.lang.AssertionError" message="Dashboard page is not displayed expected [true] but found [false]">
      <![CDATA[java.lang.AssertionError: Dashboard page is not displayed expected [true] but found [false]
at tests.LoginTest.loginOrageHrmtest(LoginTest.java:30)
at java.base/java.util.ArrayList.forEach(ArrayList.java:1596)
... Removed 28 stack frames]]>
    </failure>
  </testcase> <!-- loginOrageHrmtest -->
</testsuite> <!-- Login Test -->
