<?xml version="1.0" encoding="UTF-8"?>
<testng-results ignored="0" total="2" passed="2" failed="0" skipped="0">
  <reporter-output>
  </reporter-output>
  <suite started-at="2026-07-10T09:50:01 MST" name="OrangeHRM Suite" finished-at="2026-07-10T09:50:11 MST" duration-ms="9995">
    <groups>
    </groups>
    <test started-at="2026-07-10T09:50:01 MST" name="Login Test for Orange Hrm Portal" finished-at="2026-07-10T09:50:11 MST" duration-ms="9995">
      <class name="tests.LoginTest">
        <test-method is-config="true" signature="setup()[pri:0, instance:tests.LoginTest@503f91c3]" started-at="2026-07-10T09:50:01 MST" name="setup" finished-at="2026-07-10T09:50:05 MST" duration-ms="4400" status="PASS">
          <reporter-output>
          </reporter-output>
        </test-method> <!-- setup -->
        <test-method is-config="true" signature="setup()[pri:0, instance:tests.LoginTest@503f91c3]" started-at="2026-07-10T09:50:01 MST" name="setup" finished-at="2026-07-10T09:50:07 MST" duration-ms="6296" status="PASS">
          <reporter-output>
          </reporter-output>
        </test-method> <!-- setup -->
        <test-method signature="loginOrageHrmtest()[pri:0, instance:tests.LoginTest@503f91c3]" started-at="2026-07-10T09:50:05 MST" name="loginOrageHrmtest" finished-at="2026-07-10T09:50:10 MST" duration-ms="4656" status="PASS">
          <reporter-output>
          </reporter-output>
        </test-method> <!-- loginOrageHrmtest -->
        <test-method signature="verifyLoginPageTitle()[pri:0, instance:tests.LoginTest@503f91c3]" started-at="2026-07-10T09:50:07 MST" name="verifyLoginPageTitle" finished-at="2026-07-10T09:50:07 MST" duration-ms="37" status="PASS">
          <reporter-output>
          </reporter-output>
        </test-method> <!-- verifyLoginPageTitle -->
        <test-method is-config="true" signature="teardown()[pri:0, instance:tests.LoginTest@503f91c3]" started-at="2026-07-10T09:50:07 MST" name="teardown" finished-at="2026-07-10T09:50:08 MST" duration-ms="804" status="PASS">
          <reporter-output>
          </reporter-output>
        </test-method> <!-- teardown -->
        <test-method is-config="true" signature="teardown()[pri:0, instance:tests.LoginTest@503f91c3]" started-at="2026-07-10T09:50:10 MST" name="teardown" finished-at="2026-07-10T09:50:11 MST" duration-ms="867" status="PASS">
          <reporter-output>
          </reporter-output>
        </test-method> <!-- teardown -->
      </class> <!-- tests.LoginTest -->
    </test> <!-- Login Test for Orange Hrm Portal -->
  </suite> <!-- OrangeHRM Suite -->
</testng-results>
